# # Newsy
# Chronology
# News
# Series
# Special Report

# # Opinion & analysis
# Caption
# Editoial
# Editoral
# Editorial
# Editorial Desk
# Editorials
# Newsletter
# Op-Ed
# OP-Ed
# Photo-Op
# Review
# Sidebar
# Web Log
# An Analysis
# An Appraisal
# Economic Analysis
# Military Analysis
# News Analysis
# N.B.A. Analysis

# Meta
Correction
Corrections
Editor's Note
Editors' Note
Letter

# Out of genre
Biography
Interview
Obituary
Obituary (Obit)
Obituary (Obits)
Obituary(Obits)

# Short
Brief
Summary

# Structured
Glossary
List
Question
Schedule
Text

# Error + No headline
Kept a Cystic Fibrosis Diary
Missionary to the Amazon
Brought Women to Priesthood
