# Honorifics
Mr.
Ms.
Mrs.
Mdme.
Jr.
Sr.

# Education
Dr.
Drs.
Engg.
Esq.
Hon.
PhD.
Phd.
Prof.

# Military
Adm.
Brig.
Capt.
Cpt.
Cmdr.
Co.
Col.
Cpl.
Gen.
Maj.
Lt.
Pfc.
Pte.
Pvt.
Sgt.

# Governmental
Gov.
Govs.
Sen.
Sens.
Rep.
Reps.

# Institutions
Assn.
Dept.
Est.
Ft.
Inc.
Ltd.
Mt.
Univ.
U.

# Religious
Fr.
Msgr.
Rev.
St.
Ste.

# Months
Jan.
Feb.
Mar.
Apr.
Jun.
Jul.
Aug.
Sep.
Sept.
Oct.
Nov.
Dec.

# Orientations
N.
E.
W.
S.

# Geographic
Ala.
Ariz.
Az.
Ark.
Calif.
Ca.
Cal.
Colo.
Conn.
Ct.
Del.
De.
Fla.
Fl.
Flor.
Ga.
Id.
Ill.
Ind.
Ia.
Ioa.
Kans.
Ks.
Ka.
Kan.
Ky.
La.
Md.
Mass.
Mich.
Miss.
Mo.
Mont.
Nebr.
Nev.
Mex.
Dak.
Oreg.
Ore.
Or.
Pa.
Penn.
Tenn.
Tex.
Tx.
Ut.
Vt.
Va.
Virg.
Wash.
Wa.
Wis.
Wisc.
Wyo.

# Symphonies
Op.
K.

# Numbers
No.
Num.
ext.
Ext.
tel.
Tel.

# Miscellaneous
etc.
et al.
sq.
ft.
vs.
Vs.
VS.
V.
v.
